{
"contracts/CustomAccessControl.sol":{"l":{"70":0,"71":0,"78":0,"85":0,"96":0,"97":0,"117":0,"131":0,"144":0,"162":0,"164":0,"186":0,"195":0,"196":0,"197":0,"206":0,"207":0,"208":0,"218":0,"219":0,"220":0},"path":"/home/user/Desktop/Heftiverse/heftiverse/contracts/CustomAccessControl.sol","s":{"1":0,"2":0,"3":0,"4":0,"5":0,"6":0,"7":0,"8":0,"9":0,"10":0,"11":0,"12":0,"13":0,"14":0,"15":0,"16":0,"17":0,"18":0,"19":0,"20":0},"b":{"1":[0,0],"2":[0,0],"3":[0,0],"4":[0,0]},"f":{"1":0,"2":0,"3":0,"4":0,"5":0,"6":0,"7":0,"8":0,"9":0,"10":0,"11":0,"12":0},"fnMap":{"1":{"name":"onlyRole","line":69,"loc":{"start":{"line":69,"column":4},"end":{"line":72,"column":4}}},"2":{"name":"supportsInterface","line":77,"loc":{"start":{"line":77,"column":4},"end":{"line":79,"column":4}}},"3":{"name":"hasRole","line":84,"loc":{"start":{"line":84,"column":4},"end":{"line":86,"column":4}}},"4":{"name":"_checkRole","line":95,"loc":{"start":{"line":95,"column":4},"end":{"line":108,"column":4}}},"5":{"name":"getRoleAdmin","line":116,"loc":{"start":{"line":116,"column":4},"end":{"line":118,"column":4}}},"6":{"name":"grantRole","line":130,"loc":{"start":{"line":130,"column":4},"end":{"line":132,"column":4}}},"7":{"name":"revokeRole","line":143,"loc":{"start":{"line":143,"column":4},"end":{"line":145,"column":4}}},"8":{"name":"renounceRole","line":161,"loc":{"start":{"line":161,"column":4},"end":{"line":165,"column":4}}},"9":{"name":"_setupRole","line":185,"loc":{"start":{"line":185,"column":4},"end":{"line":187,"column":4}}},"10":{"name":"_setRoleAdmin","line":194,"loc":{"start":{"line":194,"column":4},"end":{"line":198,"column":4}}},"11":{"name":"_grantRole","line":205,"loc":{"start":{"line":205,"column":4},"end":{"line":210,"column":4}}},"12":{"name":"_revokeRole","line":217,"loc":{"start":{"line":217,"column":4},"end":{"line":222,"column":4}}}},"statementMap":{"1":{"start":{"line":70,"column":8},"end":{"line":70,"column":43}},"2":{"start":{"line":78,"column":8},"end":{"line":78,"column":102}},"3":{"start":{"line":85,"column":8},"end":{"line":85,"column":44}},"4":{"start":{"line":96,"column":8},"end":{"line":96,"column":3532}},"5":{"start":{"line":97,"column":12},"end":{"line":97,"column":3579}},"6":{"start":{"line":117,"column":8},"end":{"line":117,"column":37}},"7":{"start":{"line":131,"column":8},"end":{"line":131,"column":32}},"8":{"start":{"line":144,"column":8},"end":{"line":144,"column":33}},"9":{"start":{"line":162,"column":8},"end":{"line":162,"column":90}},"10":{"start":{"line":164,"column":8},"end":{"line":164,"column":33}},"11":{"start":{"line":186,"column":8},"end":{"line":186,"column":32}},"12":{"start":{"line":195,"column":8},"end":{"line":195,"column":54}},"13":{"start":{"line":196,"column":8},"end":{"line":196,"column":41}},"14":{"start":{"line":197,"column":8},"end":{"line":197,"column":65}},"15":{"start":{"line":206,"column":8},"end":{"line":206,"column":7053}},"16":{"start":{"line":207,"column":12},"end":{"line":207,"column":47}},"17":{"start":{"line":208,"column":12},"end":{"line":208,"column":57}},"18":{"start":{"line":218,"column":8},"end":{"line":218,"column":7412}},"19":{"start":{"line":219,"column":12},"end":{"line":219,"column":48}},"20":{"start":{"line":220,"column":12},"end":{"line":220,"column":57}}},"branchMap":{"1":{"line":96,"type":"if","locations":[{"start":{"line":96,"column":8},"end":{"line":96,"column":8}},{"start":{"line":96,"column":8},"end":{"line":96,"column":8}}]},"2":{"line":162,"type":"if","locations":[{"start":{"line":162,"column":8},"end":{"line":162,"column":8}},{"start":{"line":162,"column":8},"end":{"line":162,"column":8}}]},"3":{"line":206,"type":"if","locations":[{"start":{"line":206,"column":8},"end":{"line":206,"column":8}},{"start":{"line":206,"column":8},"end":{"line":206,"column":8}}]},"4":{"line":218,"type":"if","locations":[{"start":{"line":218,"column":8},"end":{"line":218,"column":8}},{"start":{"line":218,"column":8},"end":{"line":218,"column":8}}]}}},
"contracts/Factory.sol":{"l":{"49":429,"50":429,"51":429,"54":429,"66":280,"67":280,"68":280,"69":280,"71":280,"80":200,"91":0,"92":0,"93":0,"94":0,"96":0,"103":0,"114":0,"134":0,"142":3,"143":3,"144":3,"152":3,"153":3,"154":3,"172":3,"173":3,"174":3,"192":3,"193":3,"194":3},"path":"/home/user/Desktop/Heftiverse/heftiverse/contracts/Factory.sol","s":{"1":429,"2":429,"3":429,"4":429,"5":280,"6":280,"7":280,"8":280,"9":200,"10":0,"11":0,"12":0,"13":0,"14":0,"15":0,"16":3,"17":3,"18":3,"19":3,"20":3,"21":3,"22":3,"23":3,"24":3,"25":3,"26":3,"27":3},"b":{"1":[3,0],"2":[3,0],"3":[3,0],"4":[3,0],"5":[3,0],"6":[3,0],"7":[3,0],"8":[3,0]},"f":{"1":429,"2":280,"3":0,"4":0,"5":0,"6":3,"7":3,"8":3,"9":3},"fnMap":{"1":{"name":"initialize","line":48,"loc":{"start":{"line":48,"column":4},"end":{"line":55,"column":4}}},"2":{"name":"create721Token","line":65,"loc":{"start":{"line":65,"column":4},"end":{"line":81,"column":4}}},"3":{"name":"create1155Token","line":90,"loc":{"start":{"line":90,"column":4},"end":{"line":104,"column":4}}},"4":{"name":"predictDeterministicAddress","line":109,"loc":{"start":{"line":109,"column":4},"end":{"line":124,"column":4}}},"5":{"name":"predictDeterministicAddress","line":129,"loc":{"start":{"line":129,"column":4},"end":{"line":135,"column":4}}},"6":{"name":"updateTemplate721","line":141,"loc":{"start":{"line":141,"column":4},"end":{"line":145,"column":4}}},"7":{"name":"updateTemplate1155","line":151,"loc":{"start":{"line":151,"column":4},"end":{"line":155,"column":4}}},"8":{"name":"updateMarketplace","line":171,"loc":{"start":{"line":171,"column":4},"end":{"line":175,"column":4}}},"9":{"name":"updateAdmin","line":191,"loc":{"start":{"line":191,"column":4},"end":{"line":195,"column":4}}}},"statementMap":{"1":{"start":{"line":49,"column":8},"end":{"line":49,"column":25}},"2":{"start":{"line":50,"column":8},"end":{"line":50,"column":47}},"3":{"start":{"line":51,"column":8},"end":{"line":51,"column":49}},"4":{"start":{"line":54,"column":8},"end":{"line":54,"column":33}},"5":{"start":{"line":66,"column":8},"end":{"line":66,"column":73}},"6":{"start":{"line":67,"column":8},"end":{"line":67,"column":65}},"7":{"start":{"line":68,"column":8},"end":{"line":68,"column":54}},"8":{"start":{"line":71,"column":8},"end":{"line":71,"column":3058}},"9":{"start":{"line":80,"column":8},"end":{"line":80,"column":47}},"10":{"start":{"line":91,"column":8},"end":{"line":91,"column":72}},"11":{"start":{"line":92,"column":8},"end":{"line":92,"column":71}},"12":{"start":{"line":93,"column":8},"end":{"line":93,"column":58}},"13":{"start":{"line":96,"column":8},"end":{"line":96,"column":4150}},"14":{"start":{"line":103,"column":8},"end":{"line":103,"column":43}},"15":{"start":{"line":134,"column":8},"end":{"line":134,"column":79}},"16":{"start":{"line":142,"column":8},"end":{"line":142,"column":57}},"17":{"start":{"line":143,"column":8},"end":{"line":143,"column":69}},"18":{"start":{"line":144,"column":8},"end":{"line":144,"column":37}},"19":{"start":{"line":152,"column":8},"end":{"line":152,"column":57}},"20":{"start":{"line":153,"column":8},"end":{"line":153,"column":69}},"21":{"start":{"line":154,"column":8},"end":{"line":154,"column":38}},"22":{"start":{"line":172,"column":8},"end":{"line":172,"column":60}},"23":{"start":{"line":173,"column":8},"end":{"line":173,"column":69}},"24":{"start":{"line":174,"column":8},"end":{"line":174,"column":33}},"25":{"start":{"line":192,"column":8},"end":{"line":192,"column":57}},"26":{"start":{"line":193,"column":8},"end":{"line":193,"column":69}},"27":{"start":{"line":194,"column":8},"end":{"line":194,"column":24}}},"branchMap":{"1":{"line":142,"type":"if","locations":[{"start":{"line":142,"column":8},"end":{"line":142,"column":8}},{"start":{"line":142,"column":8},"end":{"line":142,"column":8}}]},"2":{"line":143,"type":"if","locations":[{"start":{"line":143,"column":8},"end":{"line":143,"column":8}},{"start":{"line":143,"column":8},"end":{"line":143,"column":8}}]},"3":{"line":152,"type":"if","locations":[{"start":{"line":152,"column":8},"end":{"line":152,"column":8}},{"start":{"line":152,"column":8},"end":{"line":152,"column":8}}]},"4":{"line":153,"type":"if","locations":[{"start":{"line":153,"column":8},"end":{"line":153,"column":8}},{"start":{"line":153,"column":8},"end":{"line":153,"column":8}}]},"5":{"line":172,"type":"if","locations":[{"start":{"line":172,"column":8},"end":{"line":172,"column":8}},{"start":{"line":172,"column":8},"end":{"line":172,"column":8}}]},"6":{"line":173,"type":"if","locations":[{"start":{"line":173,"column":8},"end":{"line":173,"column":8}},{"start":{"line":173,"column":8},"end":{"line":173,"column":8}}]},"7":{"line":192,"type":"if","locations":[{"start":{"line":192,"column":8},"end":{"line":192,"column":8}},{"start":{"line":192,"column":8},"end":{"line":192,"column":8}}]},"8":{"line":193,"type":"if","locations":[{"start":{"line":193,"column":8},"end":{"line":193,"column":8}},{"start":{"line":193,"column":8},"end":{"line":193,"column":8}}]}}},
"contracts/interfaces/IFactory.sol":{"l":{},"path":"/home/user/Desktop/Heftiverse/heftiverse/contracts/interfaces/IFactory.sol","s":{},"b":{},"f":{},"fnMap":{},"statementMap":{},"branchMap":{}},
"contracts/interfaces/INFTTemplate.sol":{"l":{},"path":"/home/user/Desktop/Heftiverse/heftiverse/contracts/interfaces/INFTTemplate.sol","s":{},"b":{},"f":{},"fnMap":{},"statementMap":{},"branchMap":{}},
"contracts/interfaces/ISFTTemplate.sol":{"l":{},"path":"/home/user/Desktop/Heftiverse/heftiverse/contracts/interfaces/ISFTTemplate.sol","s":{},"b":{},"f":{},"fnMap":{},"statementMap":{},"branchMap":{}},
"contracts/interfaces/IUSDT.sol":{"l":{},"path":"/home/user/Desktop/Heftiverse/heftiverse/contracts/interfaces/IUSDT.sol","s":{},"b":{},"f":{},"fnMap":{},"statementMap":{},"branchMap":{}},
"contracts/libraries/VoucherLib.sol":{"l":{},"path":"/home/user/Desktop/Heftiverse/heftiverse/contracts/libraries/VoucherLib.sol","s":{},"b":{},"f":{},"fnMap":{},"statementMap":{},"branchMap":{}},
"contracts/Marketplace1155.sol":{"l":{},"path":"/home/user/Desktop/Heftiverse/heftiverse/contracts/Marketplace1155.sol","s":{},"b":{},"f":{},"fnMap":{},"statementMap":{},"branchMap":{}},
"contracts/Marketplace721.sol":{"l":{},"path":"/home/user/Desktop/Heftiverse/heftiverse/contracts/Marketplace721.sol","s":{},"b":{},"f":{},"fnMap":{},"statementMap":{},"branchMap":{}},
"contracts/Relayer/BasicMetaTransaction.sol":{"l":{"14":72,"15":72,"18":72,"35":0,"36":0,"39":0,"41":0,"42":0,"43":0,"47":0,"52":0,"58":0,"59":0,"60":0,"61":0,"65":196,"66":0,"67":0,"68":0,"73":196},"path":"/home/user/Desktop/Heftiverse/heftiverse/contracts/Relayer/BasicMetaTransaction.sol","s":{"1":72,"2":72,"3":0,"4":0,"5":0,"6":0,"7":0,"8":0,"9":0,"10":0,"11":0,"12":0,"13":0,"14":0,"15":196,"16":0,"17":0,"18":196},"b":{"1":[0,0],"2":[0,0],"3":[0,0],"4":[0,196]},"f":{"1":72,"2":0,"3":0,"4":0,"5":0,"6":196},"fnMap":{"1":{"name":"getChainID","line":13,"loc":{"start":{"line":13,"column":4},"end":{"line":19,"column":4}}},"2":{"name":"executeMetaTransaction","line":32,"loc":{"start":{"line":32,"column":4},"end":{"line":44,"column":4}}},"3":{"name":"getNonce","line":46,"loc":{"start":{"line":46,"column":4},"end":{"line":48,"column":4}}},"4":{"name":"prefixed","line":51,"loc":{"start":{"line":51,"column":4},"end":{"line":53,"column":4}}},"5":{"name":"verify","line":55,"loc":{"start":{"line":55,"column":4},"end":{"line":62,"column":4}}},"6":{"name":"_msgSender","line":64,"loc":{"start":{"line":64,"column":4},"end":{"line":75,"column":4}}}},"statementMap":{"1":{"start":{"line":14,"column":8},"end":{"line":14,"column":18}},"2":{"start":{"line":18,"column":8},"end":{"line":18,"column":17}},"3":{"start":{"line":35,"column":8},"end":{"line":35,"column":144}},"4":{"start":{"line":36,"column":8},"end":{"line":36,"column":55}},"5":{"start":{"line":39,"column":8},"end":{"line":39,"column":118}},"6":{"start":{"line":41,"column":8},"end":{"line":41,"column":55}},"7":{"start":{"line":42,"column":8},"end":{"line":42,"column":89}},"8":{"start":{"line":43,"column":8},"end":{"line":43,"column":25}},"9":{"start":{"line":47,"column":8},"end":{"line":47,"column":27}},"10":{"start":{"line":52,"column":8},"end":{"line":52,"column":84}},"11":{"start":{"line":58,"column":8},"end":{"line":58,"column":101}},"12":{"start":{"line":59,"column":8},"end":{"line":59,"column":58}},"13":{"start":{"line":60,"column":8},"end":{"line":60,"column":57}},"14":{"start":{"line":61,"column":2},"end":{"line":61,"column":26}},"15":{"start":{"line":65,"column":8},"end":{"line":65,"column":2767}},"16":{"start":{"line":66,"column":12},"end":{"line":66,"column":41}},"17":{"start":{"line":67,"column":12},"end":{"line":67,"column":43}},"18":{"start":{"line":73,"column":12},"end":{"line":73,"column":29}}},"branchMap":{"1":{"line":35,"type":"if","locations":[{"start":{"line":35,"column":8},"end":{"line":35,"column":8}},{"start":{"line":35,"column":8},"end":{"line":35,"column":8}}]},"2":{"line":41,"type":"if","locations":[{"start":{"line":41,"column":8},"end":{"line":41,"column":8}},{"start":{"line":41,"column":8},"end":{"line":41,"column":8}}]},"3":{"line":60,"type":"if","locations":[{"start":{"line":60,"column":8},"end":{"line":60,"column":8}},{"start":{"line":60,"column":8},"end":{"line":60,"column":8}}]},"4":{"line":65,"type":"if","locations":[{"start":{"line":65,"column":8},"end":{"line":65,"column":8}},{"start":{"line":65,"column":8},"end":{"line":65,"column":8}}]}}},
"contracts/SingleMarket.sol":{"l":{"67":99,"68":99,"69":99,"70":99,"82":60,"112":60,"113":60,"125":216,"154":216,"155":216,"166":224,"167":223,"168":222,"169":221,"171":220,"172":55,"174":55,"176":55,"178":55,"190":55,"191":15,"193":13,"196":13,"197":13,"198":13,"199":13,"200":13,"201":13,"204":0,"205":0,"206":0,"210":13,"211":13,"213":13,"214":13,"216":0,"218":11,"220":40,"223":39,"224":39,"226":39,"228":39,"230":39,"234":0,"237":21,"251":55,"252":15,"254":13,"257":13,"258":13,"259":13,"260":13,"261":13,"262":13,"264":0,"265":0,"266":0,"270":13,"271":13,"273":13,"275":13,"276":13,"278":0,"280":11,"282":40,"285":39,"286":39,"288":39,"290":39,"292":39,"296":0,"299":30,"312":55,"313":15,"315":13,"319":13,"320":13,"321":13,"322":13,"323":13,"324":13,"326":0,"327":0,"328":0,"332":13,"333":13,"335":13,"337":13,"338":13,"340":0,"342":12,"344":40,"347":39,"348":39,"350":39,"352":39,"356":0,"359":24,"372":55,"373":15,"375":13,"378":13,"379":13,"380":13,"381":13,"382":13,"383":13,"385":0,"386":0,"387":0,"391":13,"392":13,"394":13,"396":13,"397":13,"399":0,"401":11,"403":40,"406":39,"407":39,"409":39,"411":39,"413":39,"417":0,"420":30,"425":60,"426":60,"427":56,"428":56,"433":160,"434":160,"435":156,"436":156,"440":52,"441":52,"442":52,"444":0,"446":52,"447":52,"455":3,"456":3,"457":3,"465":3,"466":3,"467":3,"475":3,"476":3,"477":3,"485":3,"486":3,"487":3,"496":0,"497":0,"498":0,"506":3,"507":3,"516":0},"path":"/home/user/Desktop/Heftiverse/heftiverse/contracts/SingleMarket.sol","s":{"1":99,"2":99,"3":99,"4":99,"5":60,"6":60,"7":60,"8":216,"9":216,"10":216,"11":224,"12":223,"13":222,"14":221,"15":220,"16":55,"17":165,"18":55,"19":110,"20":55,"21":55,"22":55,"23":55,"24":15,"25":13,"26":13,"27":13,"28":13,"29":13,"30":13,"31":13,"32":0,"33":0,"34":0,"35":13,"36":13,"37":13,"38":13,"39":0,"40":11,"41":40,"42":39,"43":39,"44":39,"45":39,"46":39,"47":0,"48":21,"49":55,"50":15,"51":13,"52":13,"53":13,"54":13,"55":13,"56":13,"57":13,"58":0,"59":0,"60":0,"61":13,"62":13,"63":13,"64":13,"65":13,"66":0,"67":11,"68":40,"69":39,"70":39,"71":39,"72":39,"73":39,"74":0,"75":30,"76":55,"77":15,"78":13,"79":13,"80":13,"81":13,"82":13,"83":13,"84":13,"85":0,"86":0,"87":0,"88":13,"89":13,"90":13,"91":13,"92":13,"93":0,"94":12,"95":40,"96":39,"97":39,"98":39,"99":39,"100":0,"101":24,"102":55,"103":15,"104":13,"105":13,"106":13,"107":13,"108":13,"109":13,"110":13,"111":0,"112":0,"113":0,"114":13,"115":13,"116":13,"117":13,"118":13,"119":0,"120":11,"121":40,"122":39,"123":39,"124":39,"125":39,"126":39,"127":0,"128":30,"129":60,"130":60,"131":56,"132":56,"133":160,"134":160,"135":156,"136":156,"137":52,"138":52,"139":52,"140":0,"141":52,"142":52,"143":3,"144":3,"145":3,"146":3,"147":3,"148":3,"149":3,"150":3,"151":3,"152":3,"153":3,"154":3,"155":0,"156":0,"157":0,"158":3,"159":3,"160":0},"b":{"1":[223,1],"2":[222,1],"3":[221,1],"4":[220,1],"5":[55,165],"6":[55,110],"7":[55,55],"8":[55,0],"9":[15,40],"10":[13,0],"11":[13,0],"12":[0,0],"13":[13,0],"14":[39,0],"15":[15,40],"16":[13,0],"17":[13,0],"18":[0,0],"19":[13,0],"20":[39,0],"21":[15,40],"22":[13,0],"23":[13,0],"24":[0,0],"25":[13,0],"26":[39,0],"27":[15,40],"28":[13,0],"29":[13,0],"30":[0,0],"31":[13,0],"32":[39,0],"33":[56,4],"34":[52,4],"35":[156,4],"36":[156,0],"37":[156,0],"38":[52,0],"39":[52,0],"40":[52,0],"41":[3,0],"42":[3,0],"43":[3,0],"44":[3,0],"45":[3,0],"46":[3,0],"47":[3,0],"48":[3,0],"49":[0,0],"50":[3,0]},"f":{"1":99,"2":60,"3":60,"4":216,"5":216,"6":224,"7":55,"8":55,"9":55,"10":55,"11":60,"12":160,"13":52,"14":3,"15":3,"16":3,"17":3,"18":0,"19":3,"20":0},"fnMap":{"1":{"name":"constructor","line":66,"loc":{"start":{"line":66,"column":4},"end":{"line":71,"column":4}}},"2":{"name":"_hashSeller","line":77,"loc":{"start":{"line":77,"column":4},"end":{"line":100,"column":4}}},"3":{"name":"_verifySeller","line":107,"loc":{"start":{"line":107,"column":4},"end":{"line":114,"column":4}}},"4":{"name":"_hashBuyer","line":120,"loc":{"start":{"line":120,"column":4},"end":{"line":142,"column":4}}},"5":{"name":"_verifyBuyer","line":149,"loc":{"start":{"line":149,"column":4},"end":{"line":156,"column":4}}},"6":{"name":"Buy","line":165,"loc":{"start":{"line":165,"column":4},"end":{"line":179,"column":4}}},"7":{"name":"BuyCustodial2Custodial","line":189,"loc":{"start":{"line":189,"column":4},"end":{"line":240,"column":4}}},"8":{"name":"BuyCustodial2NonCustodial","line":250,"loc":{"start":{"line":250,"column":4},"end":{"line":301,"column":4}}},"9":{"name":"BuyNonCustodial2Custodial","line":311,"loc":{"start":{"line":311,"column":4},"end":{"line":361,"column":4}}},"10":{"name":"BuyNonCustodial2NonCustodial","line":371,"loc":{"start":{"line":371,"column":4},"end":{"line":422,"column":4}}},"11":{"name":"verifySecondary","line":424,"loc":{"start":{"line":424,"column":4},"end":{"line":430,"column":4}}},"12":{"name":"verifyPrimary","line":432,"loc":{"start":{"line":432,"column":4},"end":{"line":437,"column":4}}},"13":{"name":"setCounter","line":439,"loc":{"start":{"line":439,"column":4},"end":{"line":448,"column":4}}},"14":{"name":"setToken","line":454,"loc":{"start":{"line":454,"column":4},"end":{"line":458,"column":4}}},"15":{"name":"setMarketingWallet","line":464,"loc":{"start":{"line":464,"column":4},"end":{"line":468,"column":4}}},"16":{"name":"settreasury","line":474,"loc":{"start":{"line":474,"column":4},"end":{"line":478,"column":4}}},"17":{"name":"setMarketFee","line":484,"loc":{"start":{"line":484,"column":4},"end":{"line":488,"column":4}}},"18":{"name":"withdrawStuckToken","line":495,"loc":{"start":{"line":495,"column":4},"end":{"line":499,"column":4}}},"19":{"name":"transferAdminRole","line":505,"loc":{"start":{"line":505,"column":4},"end":{"line":508,"column":4}}},"20":{"name":"_msgSender","line":510,"loc":{"start":{"line":510,"column":4},"end":{"line":517,"column":4}}}},"statementMap":{"1":{"start":{"line":67,"column":8},"end":{"line":67,"column":21}},"2":{"start":{"line":68,"column":8},"end":{"line":68,"column":35}},"3":{"start":{"line":69,"column":8},"end":{"line":69,"column":27}},"4":{"start":{"line":70,"column":8},"end":{"line":70,"column":29}},"5":{"start":{"line":82,"column":8},"end":{"line":82,"column":3326}},"6":{"start":{"line":112,"column":8},"end":{"line":112,"column":44}},"7":{"start":{"line":113,"column":8},"end":{"line":113,"column":54}},"8":{"start":{"line":125,"column":8},"end":{"line":125,"column":4883}},"9":{"start":{"line":154,"column":8},"end":{"line":154,"column":42}},"10":{"start":{"line":155,"column":8},"end":{"line":155,"column":53}},"11":{"start":{"line":166,"column":8},"end":{"line":166,"column":73}},"12":{"start":{"line":167,"column":8},"end":{"line":167,"column":104}},"13":{"start":{"line":168,"column":8},"end":{"line":168,"column":99}},"14":{"start":{"line":169,"column":8},"end":{"line":169,"column":67}},"15":{"start":{"line":171,"column":8},"end":{"line":171,"column":6943}},"16":{"start":{"line":172,"column":12},"end":{"line":172,"column":65}},"17":{"start":{"line":173,"column":13},"end":{"line":173,"column":7084}},"18":{"start":{"line":174,"column":12},"end":{"line":174,"column":67}},"19":{"start":{"line":175,"column":13},"end":{"line":175,"column":7228}},"20":{"start":{"line":176,"column":12},"end":{"line":176,"column":67}},"21":{"start":{"line":177,"column":13},"end":{"line":177,"column":7372}},"22":{"start":{"line":178,"column":12},"end":{"line":178,"column":70}},"23":{"start":{"line":190,"column":8},"end":{"line":190,"column":8093}},"24":{"start":{"line":191,"column":12},"end":{"line":191,"column":40}},"25":{"start":{"line":193,"column":12},"end":{"line":193,"column":36}},"26":{"start":{"line":196,"column":12},"end":{"line":196,"column":28}},"27":{"start":{"line":197,"column":12},"end":{"line":197,"column":30}},"28":{"start":{"line":198,"column":12},"end":{"line":198,"column":8307}},"29":{"start":{"line":199,"column":16},"end":{"line":199,"column":95}},"30":{"start":{"line":200,"column":16},"end":{"line":200,"column":118}},"31":{"start":{"line":201,"column":16},"end":{"line":201,"column":69}},"32":{"start":{"line":204,"column":16},"end":{"line":204,"column":112}},"33":{"start":{"line":205,"column":16},"end":{"line":205,"column":118}},"34":{"start":{"line":206,"column":16},"end":{"line":206,"column":69}},"35":{"start":{"line":210,"column":12},"end":{"line":210,"column":60}},"36":{"start":{"line":211,"column":12},"end":{"line":211,"column":57}},"37":{"start":{"line":213,"column":12},"end":{"line":213,"column":9265}},"38":{"start":{"line":214,"column":16},"end":{"line":214,"column":102}},"39":{"start":{"line":216,"column":16},"end":{"line":216,"column":123}},"40":{"start":{"line":218,"column":12},"end":{"line":218,"column":84}},"41":{"start":{"line":220,"column":12},"end":{"line":220,"column":41}},"42":{"start":{"line":223,"column":12},"end":{"line":223,"column":60}},"43":{"start":{"line":224,"column":12},"end":{"line":224,"column":57}},"44":{"start":{"line":226,"column":12},"end":{"line":226,"column":106}},"45":{"start":{"line":228,"column":12},"end":{"line":228,"column":9921}},"46":{"start":{"line":230,"column":12},"end":{"line":230,"column":72}},"47":{"start":{"line":234,"column":16},"end":{"line":234,"column":90}},"48":{"start":{"line":237,"column":12},"end":{"line":237,"column":72}},"49":{"start":{"line":251,"column":8},"end":{"line":251,"column":10925}},"50":{"start":{"line":252,"column":12},"end":{"line":252,"column":40}},"51":{"start":{"line":254,"column":12},"end":{"line":254,"column":36}},"52":{"start":{"line":257,"column":12},"end":{"line":257,"column":28}},"53":{"start":{"line":258,"column":12},"end":{"line":258,"column":30}},"54":{"start":{"line":259,"column":12},"end":{"line":259,"column":11139}},"55":{"start":{"line":260,"column":16},"end":{"line":260,"column":95}},"56":{"start":{"line":261,"column":16},"end":{"line":261,"column":118}},"57":{"start":{"line":262,"column":16},"end":{"line":262,"column":72}},"58":{"start":{"line":264,"column":16},"end":{"line":264,"column":112}},"59":{"start":{"line":265,"column":16},"end":{"line":265,"column":118}},"60":{"start":{"line":266,"column":16},"end":{"line":266,"column":72}},"61":{"start":{"line":270,"column":12},"end":{"line":270,"column":60}},"62":{"start":{"line":271,"column":12},"end":{"line":271,"column":60}},"63":{"start":{"line":273,"column":12},"end":{"line":273,"column":92}},"64":{"start":{"line":275,"column":12},"end":{"line":275,"column":12229}},"65":{"start":{"line":276,"column":16},"end":{"line":276,"column":102}},"66":{"start":{"line":278,"column":16},"end":{"line":278,"column":123}},"67":{"start":{"line":280,"column":12},"end":{"line":280,"column":84}},"68":{"start":{"line":282,"column":12},"end":{"line":282,"column":41}},"69":{"start":{"line":285,"column":12},"end":{"line":285,"column":60}},"70":{"start":{"line":286,"column":12},"end":{"line":286,"column":60}},"71":{"start":{"line":288,"column":12},"end":{"line":288,"column":108}},"72":{"start":{"line":290,"column":12},"end":{"line":290,"column":12868}},"73":{"start":{"line":292,"column":12},"end":{"line":292,"column":72}},"74":{"start":{"line":296,"column":16},"end":{"line":296,"column":90}},"75":{"start":{"line":299,"column":12},"end":{"line":299,"column":72}},"76":{"start":{"line":312,"column":8},"end":{"line":312,"column":13871}},"77":{"start":{"line":313,"column":12},"end":{"line":313,"column":40}},"78":{"start":{"line":315,"column":12},"end":{"line":315,"column":36}},"79":{"start":{"line":319,"column":12},"end":{"line":319,"column":28}},"80":{"start":{"line":320,"column":12},"end":{"line":320,"column":30}},"81":{"start":{"line":321,"column":12},"end":{"line":321,"column":14098}},"82":{"start":{"line":322,"column":16},"end":{"line":322,"column":95}},"83":{"start":{"line":323,"column":16},"end":{"line":323,"column":118}},"84":{"start":{"line":324,"column":16},"end":{"line":324,"column":69}},"85":{"start":{"line":326,"column":16},"end":{"line":326,"column":112}},"86":{"start":{"line":327,"column":16},"end":{"line":327,"column":118}},"87":{"start":{"line":328,"column":16},"end":{"line":328,"column":69}},"88":{"start":{"line":332,"column":12},"end":{"line":332,"column":60}},"89":{"start":{"line":333,"column":12},"end":{"line":333,"column":57}},"90":{"start":{"line":335,"column":12},"end":{"line":335,"column":93}},"91":{"start":{"line":337,"column":12},"end":{"line":337,"column":15191}},"92":{"start":{"line":338,"column":16},"end":{"line":338,"column":102}},"93":{"start":{"line":340,"column":16},"end":{"line":340,"column":123}},"94":{"start":{"line":342,"column":12},"end":{"line":342,"column":84}},"95":{"start":{"line":344,"column":12},"end":{"line":344,"column":41}},"96":{"start":{"line":347,"column":12},"end":{"line":347,"column":60}},"97":{"start":{"line":348,"column":12},"end":{"line":348,"column":57}},"98":{"start":{"line":350,"column":12},"end":{"line":350,"column":15685}},"99":{"start":{"line":352,"column":12},"end":{"line":352,"column":72}},"100":{"start":{"line":356,"column":16},"end":{"line":356,"column":90}},"101":{"start":{"line":359,"column":12},"end":{"line":359,"column":72}},"102":{"start":{"line":372,"column":8},"end":{"line":372,"column":16700}},"103":{"start":{"line":373,"column":12},"end":{"line":373,"column":40}},"104":{"start":{"line":375,"column":12},"end":{"line":375,"column":36}},"105":{"start":{"line":378,"column":12},"end":{"line":378,"column":28}},"106":{"start":{"line":379,"column":12},"end":{"line":379,"column":30}},"107":{"start":{"line":380,"column":12},"end":{"line":380,"column":16914}},"108":{"start":{"line":381,"column":16},"end":{"line":381,"column":95}},"109":{"start":{"line":382,"column":16},"end":{"line":382,"column":118}},"110":{"start":{"line":383,"column":16},"end":{"line":383,"column":72}},"111":{"start":{"line":385,"column":16},"end":{"line":385,"column":112}},"112":{"start":{"line":386,"column":16},"end":{"line":386,"column":118}},"113":{"start":{"line":387,"column":16},"end":{"line":387,"column":72}},"114":{"start":{"line":391,"column":12},"end":{"line":391,"column":60}},"115":{"start":{"line":392,"column":12},"end":{"line":392,"column":60}},"116":{"start":{"line":394,"column":12},"end":{"line":394,"column":96}},"117":{"start":{"line":396,"column":12},"end":{"line":396,"column":18008}},"118":{"start":{"line":397,"column":16},"end":{"line":397,"column":102}},"119":{"start":{"line":399,"column":16},"end":{"line":399,"column":123}},"120":{"start":{"line":401,"column":12},"end":{"line":401,"column":84}},"121":{"start":{"line":403,"column":12},"end":{"line":403,"column":41}},"122":{"start":{"line":406,"column":12},"end":{"line":406,"column":60}},"123":{"start":{"line":407,"column":12},"end":{"line":407,"column":60}},"124":{"start":{"line":409,"column":12},"end":{"line":409,"column":79}},"125":{"start":{"line":411,"column":12},"end":{"line":411,"column":18618}},"126":{"start":{"line":413,"column":12},"end":{"line":413,"column":72}},"127":{"start":{"line":417,"column":16},"end":{"line":417,"column":90}},"128":{"start":{"line":420,"column":12},"end":{"line":420,"column":72}},"129":{"start":{"line":425,"column":8},"end":{"line":425,"column":52}},"130":{"start":{"line":426,"column":8},"end":{"line":426,"column":61}},"131":{"start":{"line":427,"column":8},"end":{"line":427,"column":49}},"132":{"start":{"line":428,"column":8},"end":{"line":428,"column":58}},"133":{"start":{"line":433,"column":8},"end":{"line":433,"column":49}},"134":{"start":{"line":434,"column":8},"end":{"line":434,"column":58}},"135":{"start":{"line":435,"column":8},"end":{"line":435,"column":75}},"136":{"start":{"line":436,"column":8},"end":{"line":436,"column":65}},"137":{"start":{"line":440,"column":8},"end":{"line":440,"column":45}},"138":{"start":{"line":441,"column":8},"end":{"line":441,"column":19835}},"139":{"start":{"line":442,"column":12},"end":{"line":442,"column":68}},"140":{"start":{"line":444,"column":12},"end":{"line":444,"column":81}},"141":{"start":{"line":446,"column":8},"end":{"line":446,"column":20102}},"142":{"start":{"line":447,"column":12},"end":{"line":447,"column":46}},"143":{"start":{"line":455,"column":8},"end":{"line":455,"column":35}},"144":{"start":{"line":456,"column":8},"end":{"line":456,"column":51}},"145":{"start":{"line":457,"column":8},"end":{"line":457,"column":29}},"146":{"start":{"line":465,"column":8},"end":{"line":465,"column":35}},"147":{"start":{"line":466,"column":8},"end":{"line":466,"column":52}},"148":{"start":{"line":467,"column":8},"end":{"line":467,"column":29}},"149":{"start":{"line":475,"column":8},"end":{"line":475,"column":35}},"150":{"start":{"line":476,"column":8},"end":{"line":476,"column":52}},"151":{"start":{"line":477,"column":8},"end":{"line":477,"column":25}},"152":{"start":{"line":485,"column":8},"end":{"line":485,"column":35}},"153":{"start":{"line":486,"column":8},"end":{"line":486,"column":46}},"154":{"start":{"line":487,"column":8},"end":{"line":487,"column":23}},"155":{"start":{"line":496,"column":8},"end":{"line":496,"column":35}},"156":{"start":{"line":497,"column":8},"end":{"line":497,"column":51}},"157":{"start":{"line":498,"column":8},"end":{"line":498,"column":36}},"158":{"start":{"line":506,"column":8},"end":{"line":506,"column":35}},"159":{"start":{"line":507,"column":8},"end":{"line":507,"column":21}},"160":{"start":{"line":516,"column":8},"end":{"line":516,"column":33}}},"branchMap":{"1":{"line":166,"type":"if","locations":[{"start":{"line":166,"column":8},"end":{"line":166,"column":8}},{"start":{"line":166,"column":8},"end":{"line":166,"column":8}}]},"2":{"line":167,"type":"if","locations":[{"start":{"line":167,"column":8},"end":{"line":167,"column":8}},{"start":{"line":167,"column":8},"end":{"line":167,"column":8}}]},"3":{"line":168,"type":"if","locations":[{"start":{"line":168,"column":8},"end":{"line":168,"column":8}},{"start":{"line":168,"column":8},"end":{"line":168,"column":8}}]},"4":{"line":169,"type":"if","locations":[{"start":{"line":169,"column":8},"end":{"line":169,"column":8}},{"start":{"line":169,"column":8},"end":{"line":169,"column":8}}]},"5":{"line":171,"type":"if","locations":[{"start":{"line":171,"column":8},"end":{"line":171,"column":8}},{"start":{"line":171,"column":8},"end":{"line":171,"column":8}}]},"6":{"line":173,"type":"if","locations":[{"start":{"line":173,"column":13},"end":{"line":173,"column":13}},{"start":{"line":173,"column":13},"end":{"line":173,"column":13}}]},"7":{"line":175,"type":"if","locations":[{"start":{"line":175,"column":13},"end":{"line":175,"column":13}},{"start":{"line":175,"column":13},"end":{"line":175,"column":13}}]},"8":{"line":177,"type":"if","locations":[{"start":{"line":177,"column":13},"end":{"line":177,"column":13}},{"start":{"line":177,"column":13},"end":{"line":177,"column":13}}]},"9":{"line":190,"type":"if","locations":[{"start":{"line":190,"column":8},"end":{"line":190,"column":8}},{"start":{"line":190,"column":8},"end":{"line":190,"column":8}}]},"10":{"line":198,"type":"if","locations":[{"start":{"line":198,"column":12},"end":{"line":198,"column":12}},{"start":{"line":198,"column":12},"end":{"line":198,"column":12}}]},"11":{"line":199,"type":"if","locations":[{"start":{"line":199,"column":16},"end":{"line":199,"column":16}},{"start":{"line":199,"column":16},"end":{"line":199,"column":16}}]},"12":{"line":204,"type":"if","locations":[{"start":{"line":204,"column":16},"end":{"line":204,"column":16}},{"start":{"line":204,"column":16},"end":{"line":204,"column":16}}]},"13":{"line":213,"type":"if","locations":[{"start":{"line":213,"column":12},"end":{"line":213,"column":12}},{"start":{"line":213,"column":12},"end":{"line":213,"column":12}}]},"14":{"line":228,"type":"if","locations":[{"start":{"line":228,"column":12},"end":{"line":228,"column":12}},{"start":{"line":228,"column":12},"end":{"line":228,"column":12}}]},"15":{"line":251,"type":"if","locations":[{"start":{"line":251,"column":8},"end":{"line":251,"column":8}},{"start":{"line":251,"column":8},"end":{"line":251,"column":8}}]},"16":{"line":259,"type":"if","locations":[{"start":{"line":259,"column":12},"end":{"line":259,"column":12}},{"start":{"line":259,"column":12},"end":{"line":259,"column":12}}]},"17":{"line":260,"type":"if","locations":[{"start":{"line":260,"column":16},"end":{"line":260,"column":16}},{"start":{"line":260,"column":16},"end":{"line":260,"column":16}}]},"18":{"line":264,"type":"if","locations":[{"start":{"line":264,"column":16},"end":{"line":264,"column":16}},{"start":{"line":264,"column":16},"end":{"line":264,"column":16}}]},"19":{"line":275,"type":"if","locations":[{"start":{"line":275,"column":12},"end":{"line":275,"column":12}},{"start":{"line":275,"column":12},"end":{"line":275,"column":12}}]},"20":{"line":290,"type":"if","locations":[{"start":{"line":290,"column":12},"end":{"line":290,"column":12}},{"start":{"line":290,"column":12},"end":{"line":290,"column":12}}]},"21":{"line":312,"type":"if","locations":[{"start":{"line":312,"column":8},"end":{"line":312,"column":8}},{"start":{"line":312,"column":8},"end":{"line":312,"column":8}}]},"22":{"line":321,"type":"if","locations":[{"start":{"line":321,"column":12},"end":{"line":321,"column":12}},{"start":{"line":321,"column":12},"end":{"line":321,"column":12}}]},"23":{"line":322,"type":"if","locations":[{"start":{"line":322,"column":16},"end":{"line":322,"column":16}},{"start":{"line":322,"column":16},"end":{"line":322,"column":16}}]},"24":{"line":326,"type":"if","locations":[{"start":{"line":326,"column":16},"end":{"line":326,"column":16}},{"start":{"line":326,"column":16},"end":{"line":326,"column":16}}]},"25":{"line":337,"type":"if","locations":[{"start":{"line":337,"column":12},"end":{"line":337,"column":12}},{"start":{"line":337,"column":12},"end":{"line":337,"column":12}}]},"26":{"line":350,"type":"if","locations":[{"start":{"line":350,"column":12},"end":{"line":350,"column":12}},{"start":{"line":350,"column":12},"end":{"line":350,"column":12}}]},"27":{"line":372,"type":"if","locations":[{"start":{"line":372,"column":8},"end":{"line":372,"column":8}},{"start":{"line":372,"column":8},"end":{"line":372,"column":8}}]},"28":{"line":380,"type":"if","locations":[{"start":{"line":380,"column":12},"end":{"line":380,"column":12}},{"start":{"line":380,"column":12},"end":{"line":380,"column":12}}]},"29":{"line":381,"type":"if","locations":[{"start":{"line":381,"column":16},"end":{"line":381,"column":16}},{"start":{"line":381,"column":16},"end":{"line":381,"column":16}}]},"30":{"line":385,"type":"if","locations":[{"start":{"line":385,"column":16},"end":{"line":385,"column":16}},{"start":{"line":385,"column":16},"end":{"line":385,"column":16}}]},"31":{"line":396,"type":"if","locations":[{"start":{"line":396,"column":12},"end":{"line":396,"column":12}},{"start":{"line":396,"column":12},"end":{"line":396,"column":12}}]},"32":{"line":411,"type":"if","locations":[{"start":{"line":411,"column":12},"end":{"line":411,"column":12}},{"start":{"line":411,"column":12},"end":{"line":411,"column":12}}]},"33":{"line":426,"type":"if","locations":[{"start":{"line":426,"column":8},"end":{"line":426,"column":8}},{"start":{"line":426,"column":8},"end":{"line":426,"column":8}}]},"34":{"line":428,"type":"if","locations":[{"start":{"line":428,"column":8},"end":{"line":428,"column":8}},{"start":{"line":428,"column":8},"end":{"line":428,"column":8}}]},"35":{"line":434,"type":"if","locations":[{"start":{"line":434,"column":8},"end":{"line":434,"column":8}},{"start":{"line":434,"column":8},"end":{"line":434,"column":8}}]},"36":{"line":435,"type":"if","locations":[{"start":{"line":435,"column":8},"end":{"line":435,"column":8}},{"start":{"line":435,"column":8},"end":{"line":435,"column":8}}]},"37":{"line":436,"type":"if","locations":[{"start":{"line":436,"column":8},"end":{"line":436,"column":8}},{"start":{"line":436,"column":8},"end":{"line":436,"column":8}}]},"38":{"line":440,"type":"if","locations":[{"start":{"line":440,"column":8},"end":{"line":440,"column":8}},{"start":{"line":440,"column":8},"end":{"line":440,"column":8}}]},"39":{"line":441,"type":"if","locations":[{"start":{"line":441,"column":8},"end":{"line":441,"column":8}},{"start":{"line":441,"column":8},"end":{"line":441,"column":8}}]},"40":{"line":446,"type":"if","locations":[{"start":{"line":446,"column":8},"end":{"line":446,"column":8}},{"start":{"line":446,"column":8},"end":{"line":446,"column":8}}]},"41":{"line":455,"type":"if","locations":[{"start":{"line":455,"column":8},"end":{"line":455,"column":8}},{"start":{"line":455,"column":8},"end":{"line":455,"column":8}}]},"42":{"line":456,"type":"if","locations":[{"start":{"line":456,"column":8},"end":{"line":456,"column":8}},{"start":{"line":456,"column":8},"end":{"line":456,"column":8}}]},"43":{"line":465,"type":"if","locations":[{"start":{"line":465,"column":8},"end":{"line":465,"column":8}},{"start":{"line":465,"column":8},"end":{"line":465,"column":8}}]},"44":{"line":466,"type":"if","locations":[{"start":{"line":466,"column":8},"end":{"line":466,"column":8}},{"start":{"line":466,"column":8},"end":{"line":466,"column":8}}]},"45":{"line":475,"type":"if","locations":[{"start":{"line":475,"column":8},"end":{"line":475,"column":8}},{"start":{"line":475,"column":8},"end":{"line":475,"column":8}}]},"46":{"line":476,"type":"if","locations":[{"start":{"line":476,"column":8},"end":{"line":476,"column":8}},{"start":{"line":476,"column":8},"end":{"line":476,"column":8}}]},"47":{"line":485,"type":"if","locations":[{"start":{"line":485,"column":8},"end":{"line":485,"column":8}},{"start":{"line":485,"column":8},"end":{"line":485,"column":8}}]},"48":{"line":486,"type":"if","locations":[{"start":{"line":486,"column":8},"end":{"line":486,"column":8}},{"start":{"line":486,"column":8},"end":{"line":486,"column":8}}]},"49":{"line":496,"type":"if","locations":[{"start":{"line":496,"column":8},"end":{"line":496,"column":8}},{"start":{"line":496,"column":8},"end":{"line":496,"column":8}}]},"50":{"line":506,"type":"if","locations":[{"start":{"line":506,"column":8},"end":{"line":506,"column":8}},{"start":{"line":506,"column":8},"end":{"line":506,"column":8}}]}}},
"contracts/Template1155.sol":{"l":{"32":0,"33":0,"49":429,"50":429,"51":429,"52":429,"55":429,"56":429,"57":429,"59":429,"60":429,"61":429,"74":0,"75":0,"76":0,"77":0,"86":0,"113":0,"114":0,"123":0,"124":0,"126":0,"127":0,"130":0,"131":0,"133":0,"135":0,"136":0,"139":0,"140":0,"153":0,"154":0,"158":0,"171":0,"172":0,"176":0,"183":0,"184":0,"185":0,"193":0,"194":0,"202":0,"203":0,"212":0,"221":0},"path":"/home/user/Desktop/Heftiverse/heftiverse/contracts/Template1155.sol","s":{"1":0,"2":429,"3":429,"4":429,"5":429,"6":429,"7":429,"8":429,"9":429,"10":429,"11":429,"12":0,"13":0,"14":0,"15":0,"16":0,"17":0,"18":0,"19":0,"20":0,"21":0,"22":0,"23":0,"24":0,"25":0,"26":0,"27":0,"28":0,"29":0,"30":0,"31":0,"32":0,"33":0,"34":0,"35":0,"36":0,"37":0,"38":0,"39":0,"40":0,"41":0,"42":0,"43":0,"44":0},"b":{"1":[0,0],"2":[0,0],"3":[0,0],"4":[0,0],"5":[0,0],"6":[0,0],"7":[0,0],"8":[0,0],"9":[0,0],"10":[0,0],"11":[0,0],"12":[0,0],"13":[0,0],"14":[0,0],"15":[0,0]},"f":{"1":0,"2":429,"3":0,"4":0,"5":0,"6":0,"7":0,"8":0,"9":0,"10":0,"11":0,"12":0,"13":0},"fnMap":{"1":{"name":"onlyOperator","line":31,"loc":{"start":{"line":31,"column":4},"end":{"line":34,"column":4}}},"2":{"name":"initialize","line":48,"loc":{"start":{"line":44,"column":4},"end":{"line":62,"column":4}}},"3":{"name":"MintNFT","line":73,"loc":{"start":{"line":73,"column":4},"end":{"line":79,"column":4}}},"4":{"name":"_hash","line":85,"loc":{"start":{"line":85,"column":4},"end":{"line":101,"column":4}}},"5":{"name":"_verify","line":108,"loc":{"start":{"line":108,"column":4},"end":{"line":115,"column":4}}},"6":{"name":"redeem","line":122,"loc":{"start":{"line":122,"column":4},"end":{"line":141,"column":4}}},"7":{"name":"safeTransferFrom","line":146,"loc":{"start":{"line":146,"column":4},"end":{"line":159,"column":4}}},"8":{"name":"safeBatchTransferFrom","line":164,"loc":{"start":{"line":164,"column":4},"end":{"line":177,"column":4}}},"9":{"name":"updateOperator","line":182,"loc":{"start":{"line":182,"column":4},"end":{"line":186,"column":4}}},"10":{"name":"setAdmin","line":192,"loc":{"start":{"line":192,"column":4},"end":{"line":195,"column":4}}},"11":{"name":"setCreator","line":201,"loc":{"start":{"line":201,"column":4},"end":{"line":204,"column":4}}},"12":{"name":"supportsInterface","line":206,"loc":{"start":{"line":206,"column":4},"end":{"line":213,"column":4}}},"13":{"name":"_msgSender","line":215,"loc":{"start":{"line":215,"column":4},"end":{"line":222,"column":4}}}},"statementMap":{"1":{"start":{"line":32,"column":6},"end":{"line":32,"column":50}},"2":{"start":{"line":49,"column":8},"end":{"line":49,"column":26}},"3":{"start":{"line":50,"column":8},"end":{"line":50,"column":33}},"4":{"start":{"line":51,"column":8},"end":{"line":51,"column":23}},"5":{"start":{"line":52,"column":8},"end":{"line":52,"column":51}},"6":{"start":{"line":55,"column":8},"end":{"line":55,"column":21}},"7":{"start":{"line":56,"column":8},"end":{"line":56,"column":25}},"8":{"start":{"line":57,"column":8},"end":{"line":57,"column":25}},"9":{"start":{"line":59,"column":8},"end":{"line":59,"column":31}},"10":{"start":{"line":60,"column":8},"end":{"line":60,"column":33}},"11":{"start":{"line":61,"column":8},"end":{"line":61,"column":33}},"12":{"start":{"line":74,"column":8},"end":{"line":74,"column":41}},"13":{"start":{"line":75,"column":8},"end":{"line":75,"column":33}},"14":{"start":{"line":76,"column":8},"end":{"line":76,"column":3061}},"15":{"start":{"line":77,"column":12},"end":{"line":77,"column":64}},"16":{"start":{"line":86,"column":8},"end":{"line":86,"column":3445}},"17":{"start":{"line":113,"column":8},"end":{"line":113,"column":39}},"18":{"start":{"line":114,"column":8},"end":{"line":114,"column":66}},"19":{"start":{"line":123,"column":8},"end":{"line":123,"column":50}},"20":{"start":{"line":124,"column":8},"end":{"line":124,"column":52}},"21":{"start":{"line":126,"column":8},"end":{"line":126,"column":42}},"22":{"start":{"line":127,"column":8},"end":{"line":127,"column":52}},"23":{"start":{"line":130,"column":8},"end":{"line":130,"column":5140}},"24":{"start":{"line":131,"column":12},"end":{"line":131,"column":66}},"25":{"start":{"line":133,"column":12},"end":{"line":133,"column":79}},"26":{"start":{"line":135,"column":8},"end":{"line":135,"column":5410}},"27":{"start":{"line":136,"column":12},"end":{"line":136,"column":51}},"28":{"start":{"line":139,"column":8},"end":{"line":139,"column":121}},"29":{"start":{"line":140,"column":8},"end":{"line":140,"column":79}},"30":{"start":{"line":153,"column":8},"end":{"line":153,"column":5989}},"31":{"start":{"line":154,"column":8},"end":{"line":154,"column":6050}},"32":{"start":{"line":158,"column":8},"end":{"line":158,"column":52}},"33":{"start":{"line":171,"column":8},"end":{"line":171,"column":6588}},"34":{"start":{"line":172,"column":8},"end":{"line":172,"column":6649}},"35":{"start":{"line":176,"column":8},"end":{"line":176,"column":59}},"36":{"start":{"line":183,"column":8},"end":{"line":183,"column":36}},"37":{"start":{"line":184,"column":8},"end":{"line":184,"column":47}},"38":{"start":{"line":185,"column":8},"end":{"line":185,"column":36}},"39":{"start":{"line":193,"column":8},"end":{"line":193,"column":34}},"40":{"start":{"line":194,"column":8},"end":{"line":194,"column":21}},"41":{"start":{"line":202,"column":8},"end":{"line":202,"column":36}},"42":{"start":{"line":203,"column":8},"end":{"line":203,"column":25}},"43":{"start":{"line":212,"column":8},"end":{"line":212,"column":51}},"44":{"start":{"line":221,"column":8},"end":{"line":221,"column":33}}},"branchMap":{"1":{"line":32,"type":"if","locations":[{"start":{"line":32,"column":6},"end":{"line":32,"column":6}},{"start":{"line":32,"column":6},"end":{"line":32,"column":6}}]},"2":{"line":76,"type":"if","locations":[{"start":{"line":76,"column":8},"end":{"line":76,"column":8}},{"start":{"line":76,"column":8},"end":{"line":76,"column":8}}]},"3":{"line":123,"type":"if","locations":[{"start":{"line":123,"column":8},"end":{"line":123,"column":8}},{"start":{"line":123,"column":8},"end":{"line":123,"column":8}}]},"4":{"line":124,"type":"if","locations":[{"start":{"line":124,"column":8},"end":{"line":124,"column":8}},{"start":{"line":124,"column":8},"end":{"line":124,"column":8}}]},"5":{"line":127,"type":"if","locations":[{"start":{"line":127,"column":8},"end":{"line":127,"column":8}},{"start":{"line":127,"column":8},"end":{"line":127,"column":8}}]},"6":{"line":130,"type":"if","locations":[{"start":{"line":130,"column":8},"end":{"line":130,"column":8}},{"start":{"line":130,"column":8},"end":{"line":130,"column":8}}]},"7":{"line":135,"type":"if","locations":[{"start":{"line":135,"column":8},"end":{"line":135,"column":8}},{"start":{"line":135,"column":8},"end":{"line":135,"column":8}}]},"8":{"line":153,"type":"if","locations":[{"start":{"line":153,"column":8},"end":{"line":153,"column":8}},{"start":{"line":153,"column":8},"end":{"line":153,"column":8}}]},"9":{"line":154,"type":"if","locations":[{"start":{"line":154,"column":8},"end":{"line":154,"column":8}},{"start":{"line":154,"column":8},"end":{"line":154,"column":8}}]},"10":{"line":171,"type":"if","locations":[{"start":{"line":171,"column":8},"end":{"line":171,"column":8}},{"start":{"line":171,"column":8},"end":{"line":171,"column":8}}]},"11":{"line":172,"type":"if","locations":[{"start":{"line":172,"column":8},"end":{"line":172,"column":8}},{"start":{"line":172,"column":8},"end":{"line":172,"column":8}}]},"12":{"line":183,"type":"if","locations":[{"start":{"line":183,"column":8},"end":{"line":183,"column":8}},{"start":{"line":183,"column":8},"end":{"line":183,"column":8}}]},"13":{"line":184,"type":"if","locations":[{"start":{"line":184,"column":8},"end":{"line":184,"column":8}},{"start":{"line":184,"column":8},"end":{"line":184,"column":8}}]},"14":{"line":193,"type":"if","locations":[{"start":{"line":193,"column":8},"end":{"line":193,"column":8}},{"start":{"line":193,"column":8},"end":{"line":193,"column":8}}]},"15":{"line":202,"type":"if","locations":[{"start":{"line":202,"column":8},"end":{"line":202,"column":8}},{"start":{"line":202,"column":8},"end":{"line":202,"column":8}}]}}},
"contracts/Template721.sol":{"l":{"30":9,"31":9,"40":742,"41":742,"42":742,"43":742,"46":742,"47":742,"48":742,"49":742,"50":742,"51":742,"52":742,"56":156,"57":156,"58":156,"59":156,"64":156,"86":156,"87":156,"91":156,"92":156,"93":156,"94":156,"95":156,"103":52,"104":52,"106":52,"110":3,"111":3,"112":3,"116":0,"120":3,"121":3,"125":3,"126":3,"130":3,"139":0,"148":196},"path":"/home/user/Desktop/Heftiverse/heftiverse/contracts/Template721.sol","s":{"1":9,"2":742,"3":742,"4":742,"5":742,"6":742,"7":742,"8":742,"9":742,"10":742,"11":742,"12":742,"13":156,"14":156,"15":156,"16":156,"17":156,"18":156,"19":156,"20":156,"21":156,"22":156,"23":156,"24":156,"25":52,"26":52,"27":52,"28":3,"29":3,"30":3,"31":0,"32":3,"33":3,"34":3,"35":3,"36":3,"37":0,"38":196},"b":{"1":[9,0],"2":[156,0],"3":[156,0],"4":[156,0],"5":[52,0],"6":[52,0],"7":[3,0],"8":[3,0],"9":[3,0],"10":[3,0]},"f":{"1":9,"2":742,"3":156,"4":156,"5":156,"6":156,"7":52,"8":3,"9":0,"10":3,"11":3,"12":3,"13":0,"14":196},"fnMap":{"1":{"name":"onlyOperator","line":29,"loc":{"start":{"line":29,"column":4},"end":{"line":32,"column":4}}},"2":{"name":"initialize","line":39,"loc":{"start":{"line":34,"column":4},"end":{"line":53,"column":4}}},"3":{"name":"MintNFT","line":55,"loc":{"start":{"line":55,"column":4},"end":{"line":61,"column":4}}},"4":{"name":"_hash","line":63,"loc":{"start":{"line":63,"column":4},"end":{"line":79,"column":4}}},"5":{"name":"_verify","line":81,"loc":{"start":{"line":81,"column":4},"end":{"line":88,"column":4}}},"6":{"name":"redeem","line":90,"loc":{"start":{"line":90,"column":4},"end":{"line":96,"column":4}}},"7":{"name":"transferFrom","line":98,"loc":{"start":{"line":98,"column":4},"end":{"line":107,"column":4}}},"8":{"name":"updateOperator","line":109,"loc":{"start":{"line":109,"column":4},"end":{"line":113,"column":4}}},"9":{"name":"exists","line":115,"loc":{"start":{"line":115,"column":4},"end":{"line":117,"column":4}}},"10":{"name":"setAdmin","line":119,"loc":{"start":{"line":119,"column":4},"end":{"line":122,"column":4}}},"11":{"name":"setCreator","line":124,"loc":{"start":{"line":124,"column":4},"end":{"line":127,"column":4}}},"12":{"name":"setToken","line":129,"loc":{"start":{"line":129,"column":4},"end":{"line":131,"column":4}}},"13":{"name":"supportsInterface","line":133,"loc":{"start":{"line":133,"column":4},"end":{"line":140,"column":4}}},"14":{"name":"_msgSender","line":142,"loc":{"start":{"line":142,"column":4},"end":{"line":149,"column":4}}}},"statementMap":{"1":{"start":{"line":30,"column":6},"end":{"line":30,"column":50}},"2":{"start":{"line":40,"column":8},"end":{"line":40,"column":36}},"3":{"start":{"line":41,"column":8},"end":{"line":41,"column":32}},"4":{"start":{"line":42,"column":8},"end":{"line":42,"column":23}},"5":{"start":{"line":43,"column":8},"end":{"line":43,"column":51}},"6":{"start":{"line":46,"column":8},"end":{"line":46,"column":21}},"7":{"start":{"line":47,"column":8},"end":{"line":47,"column":25}},"8":{"start":{"line":48,"column":8},"end":{"line":48,"column":25}},"9":{"start":{"line":49,"column":8},"end":{"line":49,"column":29}},"10":{"start":{"line":50,"column":8},"end":{"line":50,"column":31}},"11":{"start":{"line":51,"column":8},"end":{"line":51,"column":33}},"12":{"start":{"line":52,"column":8},"end":{"line":52,"column":33}},"13":{"start":{"line":56,"column":8},"end":{"line":56,"column":33}},"14":{"start":{"line":57,"column":8},"end":{"line":57,"column":38}},"15":{"start":{"line":58,"column":8},"end":{"line":58,"column":1956}},"16":{"start":{"line":59,"column":12},"end":{"line":59,"column":64}},"17":{"start":{"line":64,"column":8},"end":{"line":64,"column":2174}},"18":{"start":{"line":86,"column":8},"end":{"line":86,"column":39}},"19":{"start":{"line":87,"column":8},"end":{"line":87,"column":66}},"20":{"start":{"line":91,"column":8},"end":{"line":91,"column":79}},"21":{"start":{"line":92,"column":8},"end":{"line":92,"column":42}},"22":{"start":{"line":93,"column":8},"end":{"line":93,"column":69}},"23":{"start":{"line":94,"column":8},"end":{"line":94,"column":114}},"24":{"start":{"line":95,"column":8},"end":{"line":95,"column":52}},"25":{"start":{"line":103,"column":8},"end":{"line":103,"column":3684}},"26":{"start":{"line":104,"column":12},"end":{"line":104,"column":111}},"27":{"start":{"line":106,"column":8},"end":{"line":106,"column":35}},"28":{"start":{"line":110,"column":8},"end":{"line":110,"column":47}},"29":{"start":{"line":111,"column":8},"end":{"line":111,"column":56}},"30":{"start":{"line":112,"column":8},"end":{"line":112,"column":36}},"31":{"start":{"line":116,"column":8},"end":{"line":116,"column":31}},"32":{"start":{"line":120,"column":8},"end":{"line":120,"column":54}},"33":{"start":{"line":121,"column":8},"end":{"line":121,"column":21}},"34":{"start":{"line":125,"column":8},"end":{"line":125,"column":56}},"35":{"start":{"line":126,"column":8},"end":{"line":126,"column":25}},"36":{"start":{"line":130,"column":8},"end":{"line":130,"column":21}},"37":{"start":{"line":139,"column":8},"end":{"line":139,"column":51}},"38":{"start":{"line":148,"column":8},"end":{"line":148,"column":33}}},"branchMap":{"1":{"line":30,"type":"if","locations":[{"start":{"line":30,"column":6},"end":{"line":30,"column":6}},{"start":{"line":30,"column":6},"end":{"line":30,"column":6}}]},"2":{"line":58,"type":"if","locations":[{"start":{"line":58,"column":8},"end":{"line":58,"column":8}},{"start":{"line":58,"column":8},"end":{"line":58,"column":8}}]},"3":{"line":91,"type":"if","locations":[{"start":{"line":91,"column":8},"end":{"line":91,"column":8}},{"start":{"line":91,"column":8},"end":{"line":91,"column":8}}]},"4":{"line":93,"type":"if","locations":[{"start":{"line":93,"column":8},"end":{"line":93,"column":8}},{"start":{"line":93,"column":8},"end":{"line":93,"column":8}}]},"5":{"line":103,"type":"if","locations":[{"start":{"line":103,"column":8},"end":{"line":103,"column":8}},{"start":{"line":103,"column":8},"end":{"line":103,"column":8}}]},"6":{"line":104,"type":"if","locations":[{"start":{"line":104,"column":12},"end":{"line":104,"column":12}},{"start":{"line":104,"column":12},"end":{"line":104,"column":12}}]},"7":{"line":110,"type":"if","locations":[{"start":{"line":110,"column":8},"end":{"line":110,"column":8}},{"start":{"line":110,"column":8},"end":{"line":110,"column":8}}]},"8":{"line":111,"type":"if","locations":[{"start":{"line":111,"column":8},"end":{"line":111,"column":8}},{"start":{"line":111,"column":8},"end":{"line":111,"column":8}}]},"9":{"line":120,"type":"if","locations":[{"start":{"line":120,"column":8},"end":{"line":120,"column":8}},{"start":{"line":120,"column":8},"end":{"line":120,"column":8}}]},"10":{"line":125,"type":"if","locations":[{"start":{"line":125,"column":8},"end":{"line":125,"column":8}},{"start":{"line":125,"column":8},"end":{"line":125,"column":8}}]}}},
"contracts/USDT.sol":{"l":{"12":99,"16":99,"17":99,"21":99},"path":"/home/user/Desktop/Heftiverse/heftiverse/contracts/USDT.sol","s":{"1":99,"2":99,"3":99,"4":99},"b":{"1":[99,0]},"f":{"1":99,"2":99,"3":99},"fnMap":{"1":{"name":"constructor","line":10,"loc":{"start":{"line":10,"column":4},"end":{"line":13,"column":4}}},"2":{"name":"mint","line":15,"loc":{"start":{"line":15,"column":4},"end":{"line":18,"column":4}}},"3":{"name":"decimals","line":20,"loc":{"start":{"line":20,"column":3},"end":{"line":22,"column":1}}}},"statementMap":{"1":{"start":{"line":12,"column":8},"end":{"line":12,"column":52}},"2":{"start":{"line":16,"column":8},"end":{"line":16,"column":50}},"3":{"start":{"line":17,"column":8},"end":{"line":17,"column":24}},"4":{"start":{"line":21,"column":2},"end":{"line":21,"column":10}}},"branchMap":{"1":{"line":16,"type":"if","locations":[{"start":{"line":16,"column":8},"end":{"line":16,"column":8}},{"start":{"line":16,"column":8},"end":{"line":16,"column":8}}]}}}}
