TN:
SF:/home/user/Desktop/Heftiverse/heftiverse/contracts/CustomAccessControl.sol
FN:69,onlyRole
FN:77,supportsInterface
FN:84,hasRole
FN:95,_checkRole
FN:116,getRoleAdmin
FN:130,grantRole
FN:143,revokeRole
FN:161,renounceRole
FN:185,_setupRole
FN:194,_setRoleAdmin
FN:205,_grantRole
FN:217,_revokeRole
FNF:12
FNH:0
FNDA:0,onlyRole
FNDA:0,supportsInterface
FNDA:0,hasRole
FNDA:0,_checkRole
FNDA:0,getRoleAdmin
FNDA:0,grantRole
FNDA:0,revokeRole
FNDA:0,renounceRole
FNDA:0,_setupRole
FNDA:0,_setRoleAdmin
FNDA:0,_grantRole
FNDA:0,_revokeRole
DA:70,0
DA:71,0
DA:78,0
DA:85,0
DA:96,0
DA:97,0
DA:117,0
DA:131,0
DA:144,0
DA:162,0
DA:164,0
DA:186,0
DA:195,0
DA:196,0
DA:197,0
DA:206,0
DA:207,0
DA:208,0
DA:218,0
DA:219,0
DA:220,0
LF:21
LH:0
BRDA:96,1,0,0
BRDA:96,1,1,0
BRDA:162,2,0,0
BRDA:162,2,1,0
BRDA:206,3,0,0
BRDA:206,3,1,0
BRDA:218,4,0,0
BRDA:218,4,1,0
BRF:8
BRH:0
end_of_record
TN:
SF:/home/user/Desktop/Heftiverse/heftiverse/contracts/Factory.sol
FN:48,initialize
FN:65,create721Token
FN:90,create1155Token
FN:109,predictDeterministicAddress
FN:129,predictDeterministicAddress
FN:141,updateTemplate721
FN:151,updateTemplate1155
FN:171,updateMarketplace
FN:191,updateAdmin
FNF:9
FNH:6
FNDA:429,initialize
FNDA:280,create721Token
FNDA:0,create1155Token
FNDA:0,predictDeterministicAddress
FNDA:0,predictDeterministicAddress
FNDA:3,updateTemplate721
FNDA:3,updateTemplate1155
FNDA:3,updateMarketplace
FNDA:3,updateAdmin
DA:49,429
DA:50,429
DA:51,429
DA:54,429
DA:66,280
DA:67,280
DA:68,280
DA:69,280
DA:71,280
DA:80,200
DA:91,0
DA:92,0
DA:93,0
DA:94,0
DA:96,0
DA:103,0
DA:114,0
DA:134,0
DA:142,3
DA:143,3
DA:144,3
DA:152,3
DA:153,3
DA:154,3
DA:172,3
DA:173,3
DA:174,3
DA:192,3
DA:193,3
DA:194,3
LF:30
LH:22
BRDA:142,1,0,3
BRDA:142,1,1,0
BRDA:143,2,0,3
BRDA:143,2,1,0
BRDA:152,3,0,3
BRDA:152,3,1,0
BRDA:153,4,0,3
BRDA:153,4,1,0
BRDA:172,5,0,3
BRDA:172,5,1,0
BRDA:173,6,0,3
BRDA:173,6,1,0
BRDA:192,7,0,3
BRDA:192,7,1,0
BRDA:193,8,0,3
BRDA:193,8,1,0
BRF:16
BRH:8
end_of_record
TN:
SF:/home/user/Desktop/Heftiverse/heftiverse/contracts/interfaces/IFactory.sol
FNF:0
FNH:0
LF:0
LH:0
BRF:0
BRH:0
end_of_record
TN:
SF:/home/user/Desktop/Heftiverse/heftiverse/contracts/interfaces/INFTTemplate.sol
FNF:0
FNH:0
LF:0
LH:0
BRF:0
BRH:0
end_of_record
TN:
SF:/home/user/Desktop/Heftiverse/heftiverse/contracts/interfaces/ISFTTemplate.sol
FNF:0
FNH:0
LF:0
LH:0
BRF:0
BRH:0
end_of_record
TN:
SF:/home/user/Desktop/Heftiverse/heftiverse/contracts/interfaces/IUSDT.sol
FNF:0
FNH:0
LF:0
LH:0
BRF:0
BRH:0
end_of_record
TN:
SF:/home/user/Desktop/Heftiverse/heftiverse/contracts/libraries/VoucherLib.sol
FNF:0
FNH:0
LF:0
LH:0
BRF:0
BRH:0
end_of_record
TN:
SF:/home/user/Desktop/Heftiverse/heftiverse/contracts/Marketplace1155.sol
FNF:0
FNH:0
LF:0
LH:0
BRF:0
BRH:0
end_of_record
TN:
SF:/home/user/Desktop/Heftiverse/heftiverse/contracts/Marketplace721.sol
FNF:0
FNH:0
LF:0
LH:0
BRF:0
BRH:0
end_of_record
TN:
SF:/home/user/Desktop/Heftiverse/heftiverse/contracts/Relayer/BasicMetaTransaction.sol
FN:13,getChainID
FN:32,executeMetaTransaction
FN:46,getNonce
FN:51,prefixed
FN:55,verify
FN:64,_msgSender
FNF:6
FNH:2
FNDA:72,getChainID
FNDA:0,executeMetaTransaction
FNDA:0,getNonce
FNDA:0,prefixed
FNDA:0,verify
FNDA:196,_msgSender
DA:14,72
DA:15,72
DA:18,72
DA:35,0
DA:36,0
DA:39,0
DA:41,0
DA:42,0
DA:43,0
DA:47,0
DA:52,0
DA:58,0
DA:59,0
DA:60,0
DA:61,0
DA:65,196
DA:66,0
DA:67,0
DA:68,0
DA:73,196
LF:20
LH:5
BRDA:35,1,0,0
BRDA:35,1,1,0
BRDA:41,2,0,0
BRDA:41,2,1,0
BRDA:60,3,0,0
BRDA:60,3,1,0
BRDA:65,4,0,0
BRDA:65,4,1,196
BRF:8
BRH:1
end_of_record
TN:
SF:/home/user/Desktop/Heftiverse/heftiverse/contracts/SingleMarket.sol
FN:66,constructor
FN:77,_hashSeller
FN:107,_verifySeller
FN:120,_hashBuyer
FN:149,_verifyBuyer
FN:165,Buy
FN:189,BuyCustodial2Custodial
FN:250,BuyCustodial2NonCustodial
FN:311,BuyNonCustodial2Custodial
FN:371,BuyNonCustodial2NonCustodial
FN:424,verifySecondary
FN:432,verifyPrimary
FN:439,setCounter
FN:454,setToken
FN:464,setMarketingWallet
FN:474,settreasury
FN:484,setMarketFee
FN:495,withdrawStuckToken
FN:505,transferAdminRole
FN:510,_msgSender
FNF:20
FNH:18
FNDA:99,constructor
FNDA:60,_hashSeller
FNDA:60,_verifySeller
FNDA:216,_hashBuyer
FNDA:216,_verifyBuyer
FNDA:224,Buy
FNDA:55,BuyCustodial2Custodial
FNDA:55,BuyCustodial2NonCustodial
FNDA:55,BuyNonCustodial2Custodial
FNDA:55,BuyNonCustodial2NonCustodial
FNDA:60,verifySecondary
FNDA:160,verifyPrimary
FNDA:52,setCounter
FNDA:3,setToken
FNDA:3,setMarketingWallet
FNDA:3,settreasury
FNDA:3,setMarketFee
FNDA:0,withdrawStuckToken
FNDA:3,transferAdminRole
FNDA:0,_msgSender
DA:67,99
DA:68,99
DA:69,99
DA:70,99
DA:82,60
DA:112,60
DA:113,60
DA:125,216
DA:154,216
DA:155,216
DA:166,224
DA:167,223
DA:168,222
DA:169,221
DA:171,220
DA:172,55
DA:174,55
DA:176,55
DA:178,55
DA:190,55
DA:191,15
DA:193,13
DA:196,13
DA:197,13
DA:198,13
DA:199,13
DA:200,13
DA:201,13
DA:204,0
DA:205,0
DA:206,0
DA:210,13
DA:211,13
DA:213,13
DA:214,13
DA:216,0
DA:218,11
DA:220,40
DA:223,39
DA:224,39
DA:226,39
DA:228,39
DA:230,39
DA:234,0
DA:237,21
DA:251,55
DA:252,15
DA:254,13
DA:257,13
DA:258,13
DA:259,13
DA:260,13
DA:261,13
DA:262,13
DA:264,0
DA:265,0
DA:266,0
DA:270,13
DA:271,13
DA:273,13
DA:275,13
DA:276,13
DA:278,0
DA:280,11
DA:282,40
DA:285,39
DA:286,39
DA:288,39
DA:290,39
DA:292,39
DA:296,0
DA:299,30
DA:312,55
DA:313,15
DA:315,13
DA:319,13
DA:320,13
DA:321,13
DA:322,13
DA:323,13
DA:324,13
DA:326,0
DA:327,0
DA:328,0
DA:332,13
DA:333,13
DA:335,13
DA:337,13
DA:338,13
DA:340,0
DA:342,12
DA:344,40
DA:347,39
DA:348,39
DA:350,39
DA:352,39
DA:356,0
DA:359,24
DA:372,55
DA:373,15
DA:375,13
DA:378,13
DA:379,13
DA:380,13
DA:381,13
DA:382,13
DA:383,13
DA:385,0
DA:386,0
DA:387,0
DA:391,13
DA:392,13
DA:394,13
DA:396,13
DA:397,13
DA:399,0
DA:401,11
DA:403,40
DA:406,39
DA:407,39
DA:409,39
DA:411,39
DA:413,39
DA:417,0
DA:420,30
DA:425,60
DA:426,60
DA:427,56
DA:428,56
DA:433,160
DA:434,160
DA:435,156
DA:436,156
DA:440,52
DA:441,52
DA:442,52
DA:444,0
DA:446,52
DA:447,52
DA:455,3
DA:456,3
DA:457,3
DA:465,3
DA:466,3
DA:467,3
DA:475,3
DA:476,3
DA:477,3
DA:485,3
DA:486,3
DA:487,3
DA:496,0
DA:497,0
DA:498,0
DA:506,3
DA:507,3
DA:516,0
LF:157
LH:132
BRDA:166,1,0,223
BRDA:166,1,1,1
BRDA:167,2,0,222
BRDA:167,2,1,1
BRDA:168,3,0,221
BRDA:168,3,1,1
BRDA:169,4,0,220
BRDA:169,4,1,1
BRDA:171,5,0,55
BRDA:171,5,1,165
BRDA:173,6,0,55
BRDA:173,6,1,110
BRDA:175,7,0,55
BRDA:175,7,1,55
BRDA:177,8,0,55
BRDA:177,8,1,0
BRDA:190,9,0,15
BRDA:190,9,1,40
BRDA:198,10,0,13
BRDA:198,10,1,0
BRDA:199,11,0,13
BRDA:199,11,1,0
BRDA:204,12,0,0
BRDA:204,12,1,0
BRDA:213,13,0,13
BRDA:213,13,1,0
BRDA:228,14,0,39
BRDA:228,14,1,0
BRDA:251,15,0,15
BRDA:251,15,1,40
BRDA:259,16,0,13
BRDA:259,16,1,0
BRDA:260,17,0,13
BRDA:260,17,1,0
BRDA:264,18,0,0
BRDA:264,18,1,0
BRDA:275,19,0,13
BRDA:275,19,1,0
BRDA:290,20,0,39
BRDA:290,20,1,0
BRDA:312,21,0,15
BRDA:312,21,1,40
BRDA:321,22,0,13
BRDA:321,22,1,0
BRDA:322,23,0,13
BRDA:322,23,1,0
BRDA:326,24,0,0
BRDA:326,24,1,0
BRDA:337,25,0,13
BRDA:337,25,1,0
BRDA:350,26,0,39
BRDA:350,26,1,0
BRDA:372,27,0,15
BRDA:372,27,1,40
BRDA:380,28,0,13
BRDA:380,28,1,0
BRDA:381,29,0,13
BRDA:381,29,1,0
BRDA:385,30,0,0
BRDA:385,30,1,0
BRDA:396,31,0,13
BRDA:396,31,1,0
BRDA:411,32,0,39
BRDA:411,32,1,0
BRDA:426,33,0,56
BRDA:426,33,1,4
BRDA:428,34,0,52
BRDA:428,34,1,4
BRDA:434,35,0,156
BRDA:434,35,1,4
BRDA:435,36,0,156
BRDA:435,36,1,0
BRDA:436,37,0,156
BRDA:436,37,1,0
BRDA:440,38,0,52
BRDA:440,38,1,0
BRDA:441,39,0,52
BRDA:441,39,1,0
BRDA:446,40,0,52
BRDA:446,40,1,0
BRDA:455,41,0,3
BRDA:455,41,1,0
BRDA:456,42,0,3
BRDA:456,42,1,0
BRDA:465,43,0,3
BRDA:465,43,1,0
BRDA:466,44,0,3
BRDA:466,44,1,0
BRDA:475,45,0,3
BRDA:475,45,1,0
BRDA:476,46,0,3
BRDA:476,46,1,0
BRDA:485,47,0,3
BRDA:485,47,1,0
BRDA:486,48,0,3
BRDA:486,48,1,0
BRDA:496,49,0,0
BRDA:496,49,1,0
BRDA:506,50,0,3
BRDA:506,50,1,0
BRF:100
BRH:59
end_of_record
TN:
SF:/home/user/Desktop/Heftiverse/heftiverse/contracts/Template1155.sol
FN:31,onlyOperator
FN:48,initialize
FN:73,MintNFT
FN:85,_hash
FN:108,_verify
FN:122,redeem
FN:146,safeTransferFrom
FN:164,safeBatchTransferFrom
FN:182,updateOperator
FN:192,setAdmin
FN:201,setCreator
FN:206,supportsInterface
FN:215,_msgSender
FNF:13
FNH:1
FNDA:0,onlyOperator
FNDA:429,initialize
FNDA:0,MintNFT
FNDA:0,_hash
FNDA:0,_verify
FNDA:0,redeem
FNDA:0,safeTransferFrom
FNDA:0,safeBatchTransferFrom
FNDA:0,updateOperator
FNDA:0,setAdmin
FNDA:0,setCreator
FNDA:0,supportsInterface
FNDA:0,_msgSender
DA:32,0
DA:33,0
DA:49,429
DA:50,429
DA:51,429
DA:52,429
DA:55,429
DA:56,429
DA:57,429
DA:59,429
DA:60,429
DA:61,429
DA:74,0
DA:75,0
DA:76,0
DA:77,0
DA:86,0
DA:113,0
DA:114,0
DA:123,0
DA:124,0
DA:126,0
DA:127,0
DA:130,0
DA:131,0
DA:133,0
DA:135,0
DA:136,0
DA:139,0
DA:140,0
DA:153,0
DA:154,0
DA:158,0
DA:171,0
DA:172,0
DA:176,0
DA:183,0
DA:184,0
DA:185,0
DA:193,0
DA:194,0
DA:202,0
DA:203,0
DA:212,0
DA:221,0
LF:45
LH:10
BRDA:32,1,0,0
BRDA:32,1,1,0
BRDA:76,2,0,0
BRDA:76,2,1,0
BRDA:123,3,0,0
BRDA:123,3,1,0
BRDA:124,4,0,0
BRDA:124,4,1,0
BRDA:127,5,0,0
BRDA:127,5,1,0
BRDA:130,6,0,0
BRDA:130,6,1,0
BRDA:135,7,0,0
BRDA:135,7,1,0
BRDA:153,8,0,0
BRDA:153,8,1,0
BRDA:154,9,0,0
BRDA:154,9,1,0
BRDA:171,10,0,0
BRDA:171,10,1,0
BRDA:172,11,0,0
BRDA:172,11,1,0
BRDA:183,12,0,0
BRDA:183,12,1,0
BRDA:184,13,0,0
BRDA:184,13,1,0
BRDA:193,14,0,0
BRDA:193,14,1,0
BRDA:202,15,0,0
BRDA:202,15,1,0
BRF:30
BRH:0
end_of_record
TN:
SF:/home/user/Desktop/Heftiverse/heftiverse/contracts/Template721.sol
FN:29,onlyOperator
FN:39,initialize
FN:55,MintNFT
FN:63,_hash
FN:81,_verify
FN:90,redeem
FN:98,transferFrom
FN:109,updateOperator
FN:115,exists
FN:119,setAdmin
FN:124,setCreator
FN:129,setToken
FN:133,supportsInterface
FN:142,_msgSender
FNF:14
FNH:12
FNDA:9,onlyOperator
FNDA:742,initialize
FNDA:156,MintNFT
FNDA:156,_hash
FNDA:156,_verify
FNDA:156,redeem
FNDA:52,transferFrom
FNDA:3,updateOperator
FNDA:0,exists
FNDA:3,setAdmin
FNDA:3,setCreator
FNDA:3,setToken
FNDA:0,supportsInterface
FNDA:196,_msgSender
DA:30,9
DA:31,9
DA:40,742
DA:41,742
DA:42,742
DA:43,742
DA:46,742
DA:47,742
DA:48,742
DA:49,742
DA:50,742
DA:51,742
DA:52,742
DA:56,156
DA:57,156
DA:58,156
DA:59,156
DA:64,156
DA:86,156
DA:87,156
DA:91,156
DA:92,156
DA:93,156
DA:94,156
DA:95,156
DA:103,52
DA:104,52
DA:106,52
DA:110,3
DA:111,3
DA:112,3
DA:116,0
DA:120,3
DA:121,3
DA:125,3
DA:126,3
DA:130,3
DA:139,0
DA:148,196
LF:39
LH:37
BRDA:30,1,0,9
BRDA:30,1,1,0
BRDA:58,2,0,156
BRDA:58,2,1,0
BRDA:91,3,0,156
BRDA:91,3,1,0
BRDA:93,4,0,156
BRDA:93,4,1,0
BRDA:103,5,0,52
BRDA:103,5,1,0
BRDA:104,6,0,52
BRDA:104,6,1,0
BRDA:110,7,0,3
BRDA:110,7,1,0
BRDA:111,8,0,3
BRDA:111,8,1,0
BRDA:120,9,0,3
BRDA:120,9,1,0
BRDA:125,10,0,3
BRDA:125,10,1,0
BRF:20
BRH:10
end_of_record
TN:
SF:/home/user/Desktop/Heftiverse/heftiverse/contracts/USDT.sol
FN:10,constructor
FN:15,mint
FN:20,decimals
FNF:3
FNH:3
FNDA:99,constructor
FNDA:99,mint
FNDA:99,decimals
DA:12,99
DA:16,99
DA:17,99
DA:21,99
LF:4
LH:4
BRDA:16,1,0,99
BRDA:16,1,1,0
BRF:2
BRH:1
end_of_record
